2022-Nov-04 08:43:45.857004 INFO [daemon] pitcoin v1.1.1.1(0.1-g672625cee3)
2022-Nov-04 08:43:45.857276 INFO [daemon] Module folder: ./pitcoind
2022-Nov-04 08:43:45.859060 INFO [daemon] Initializing p2p server...
2022-Nov-04 08:43:45.859305 INFO [node_server] Binding on 0.0.0.0:14794
2022-Nov-04 08:43:45.859423 INFO [node_server] Net service binded on 0.0.0.0:14794
2022-Nov-04 08:43:45.859495 INFO [node_server] Attempting to add IGD port mapping.
2022-Nov-04 08:43:47.078210 INFO [node_server] Added IGD port mapping.
2022-Nov-04 08:43:47.078376 INFO [daemon] P2p server initialized OK
2022-Nov-04 08:43:47.078445 INFO [daemon] Initializing core...
2022-Nov-04 08:43:47.078741 INFO [Blockchain] Blockchain not loaded, generating genesis block.
2022-Nov-04 08:43:47.138964 INFO [Blockchain] Blockchain initialized. last block: 0, d3775.h7.m43.s47 time ago, current difficulty: 1
2022-Nov-04 08:43:47.139069 INFO [daemon] Core initialized OK
2022-Nov-04 08:43:47.139220 INFO [daemon] Starting core rpc server on address 127.0.0.1:25143
2022-Nov-04 08:43:47.139314 INFO [daemon] Core rpc server started ok
2022-Nov-04 08:43:47.139357 INFO [daemon] Starting p2p net loop...
2022-Nov-04 08:43:47.139404 INFO [node_server] Starting node_server
2022-Nov-04 08:43:47.523556 ERROR [node_server] Failed to connect to any of seed peers, continuing without seeds
2022-Nov-04 08:43:47.523710 INFO [core] 
2022-Nov-04 08:43:47.523710 INFO [core] **********************************************************************
2022-Nov-04 08:43:47.523710 INFO [core] The daemon will start synchronizing with the network. It may take up to several hours.
2022-Nov-04 08:43:47.523710 INFO [core] 
2022-Nov-04 08:43:47.523710 INFO [core] You can set the level of process detailization* through "set_log <level>" command*, where <level> is between 0 (no details) and 4 (very verbose).
2022-Nov-04 08:43:47.523710 INFO [core] 
2022-Nov-04 08:43:47.523710 INFO [core] Use "help" command to see the list of available commands.
2022-Nov-04 08:43:47.523710 INFO [core] 
2022-Nov-04 08:43:47.523710 INFO [core] Note: in case you need to interrupt the process, use "exit" command. Otherwise, the current progress won't be saved.
2022-Nov-04 08:43:47.523710 INFO [core] **********************************************************************
2022-Nov-04 08:43:49.894683 ERROR [node_server] Failed to connect to any of seed peers, continuing without seeds
2022-Nov-04 08:43:52.269425 ERROR [node_server] Failed to connect to any of seed peers, continuing without seeds
2022-Nov-04 08:43:54.800170 ERROR [node_server] Failed to connect to any of seed peers, continuing without seeds
2022-Nov-04 08:43:57.171840 ERROR [node_server] Failed to connect to any of seed peers, continuing without seeds
2022-Nov-04 08:43:59.549564 ERROR [node_server] Failed to connect to any of seed peers, continuing without seeds
2022-Nov-04 08:43:59.641141 INFO [node_server] Stop signal sent
2022-Nov-04 08:43:59.641158 INFO [node_server] Stopping NodeServer and it's0 connections...
2022-Nov-04 08:43:59.641579 INFO [node_server] NodeServer loop stopped
2022-Nov-04 08:43:59.641658 INFO [daemon] p2p net loop stopped
2022-Nov-04 08:43:59.641725 INFO [daemon] Stopping core rpc server...
2022-Nov-04 08:43:59.641820 INFO [daemon] Deinitializing core...
2022-Nov-04 08:43:59.641886 INFO [miner] Mining has been stopped, 0 finished
2022-Nov-04 08:43:59.642096 INFO [Blockchain] Saving blockchain...
2022-Nov-04 08:43:59.642212 INFO [BlockCacheSerializer] - saving block index...
2022-Nov-04 08:43:59.642284 INFO [BlockCacheSerializer] - saving transaction map...
2022-Nov-04 08:43:59.642348 INFO [BlockCacheSerializer] - saving spent keys...
2022-Nov-04 08:43:59.642411 INFO [BlockCacheSerializer] - saving outputs...
2022-Nov-04 08:43:59.642474 INFO [BlockCacheSerializer] - saving multi-signature outputs...
2022-Nov-04 08:43:59.642540 INFO [BlockCacheSerializer] Serialization time: 0ms
2022-Nov-04 08:43:59.642623 INFO [Blockchain] Saving blockchain indices...
2022-Nov-04 08:43:59.642722 INFO [BlockchainIndicesSerializer] - saving paymentID index...
2022-Nov-04 08:43:59.642800 INFO [BlockchainIndicesSerializer] - saving timestamp index...
2022-Nov-04 08:43:59.642862 INFO [BlockchainIndicesSerializer] - saving generated transactions index...
2022-Nov-04 08:43:59.642944 INFO [daemon] Deinitializing p2p...
2022-Nov-04 08:43:59.643131 INFO [miner] Mining has been stopped, 0 finished
2022-Nov-04 08:43:59.643297 INFO [daemon] Node stopped.
2022-Nov-07 09:57:21.669641 INFO [daemon] pitcoin v1.1.1.1(0.1-g672625cee3)
2022-Nov-07 09:57:21.675598 INFO [daemon] Module folder: ./pitcoind
2022-Nov-07 09:57:21.677896 INFO [daemon] Initializing p2p server...
2022-Nov-07 09:57:21.678174 INFO [node_server] Binding on 0.0.0.0:14794
2022-Nov-07 09:57:21.678274 INFO [node_server] Net service binded on 0.0.0.0:14794
2022-Nov-07 09:57:21.678331 INFO [node_server] Attempting to add IGD port mapping.
2022-Nov-07 09:57:22.895836 INFO [node_server] Added IGD port mapping.
2022-Nov-07 09:57:22.896033 INFO [daemon] P2p server initialized OK
2022-Nov-07 09:57:22.896190 INFO [daemon] Initializing core...
2022-Nov-07 09:57:22.896417 INFO [Blockchain] Loading blockchain...
2022-Nov-07 09:57:22.896619 INFO [BlockCacheSerializer] - loading block index...
2022-Nov-07 09:57:22.896697 INFO [BlockCacheSerializer] - loading transaction map...
2022-Nov-07 09:57:22.896850 INFO [BlockCacheSerializer] - loading spent keys...
2022-Nov-07 09:57:22.896966 INFO [BlockCacheSerializer] - loading outputs...
2022-Nov-07 09:57:22.897097 INFO [BlockCacheSerializer] - loading multi-signature outputs...
2022-Nov-07 09:57:22.897212 INFO [BlockCacheSerializer] Serialization time: 0ms
2022-Nov-07 09:57:22.897680 INFO [Blockchain] Loading blockchain indices for BlockchainExplorer...
2022-Nov-07 09:57:22.897861 INFO [BlockchainIndicesSerializer] - loading paymentID index...
2022-Nov-07 09:57:22.897981 INFO [BlockchainIndicesSerializer] - loading timestamp index...
2022-Nov-07 09:57:22.898094 INFO [BlockchainIndicesSerializer] - loading generated transactions index...
2022-Nov-07 09:57:22.898189 INFO [Blockchain] Blockchain initialized. last block: 0, d3778.h9.m57.s22 time ago, current difficulty: 1
2022-Nov-07 09:57:22.898327 INFO [daemon] Core initialized OK
2022-Nov-07 09:57:22.898608 INFO [daemon] Starting core rpc server on address 127.0.0.1:25143
2022-Nov-07 09:57:22.898795 INFO [daemon] Core rpc server started ok
2022-Nov-07 09:57:22.898919 INFO [daemon] Starting p2p net loop...
2022-Nov-07 09:57:22.898988 INFO [node_server] Starting node_server
2022-Nov-07 09:57:37.900698 ERROR [node_server] Failed to connect to any of seed peers, continuing without seeds
2022-Nov-07 09:57:37.900865 INFO [core] 
2022-Nov-07 09:57:37.900865 INFO [core] **********************************************************************
2022-Nov-07 09:57:37.900865 INFO [core] The daemon will start synchronizing with the network. It may take up to several hours.
2022-Nov-07 09:57:37.900865 INFO [core] 
2022-Nov-07 09:57:37.900865 INFO [core] You can set the level of process detailization* through "set_log <level>" command*, where <level> is between 0 (no details) and 4 (very verbose).
2022-Nov-07 09:57:37.900865 INFO [core] 
2022-Nov-07 09:57:37.900865 INFO [core] Use "help" command to see the list of available commands.
2022-Nov-07 09:57:37.900865 INFO [core] 
2022-Nov-07 09:57:37.900865 INFO [core] Note: in case you need to interrupt the process, use "exit" command. Otherwise, the current progress won't be saved.
2022-Nov-07 09:57:37.900865 INFO [core] **********************************************************************
2022-Nov-07 09:57:54.902437 ERROR [node_server] Failed to connect to any of seed peers, continuing without seeds
2022-Nov-07 09:58:11.903487 ERROR [node_server] Failed to connect to any of seed peers, continuing without seeds
2022-Nov-07 09:58:28.904955 ERROR [node_server] Failed to connect to any of seed peers, continuing without seeds
2022-Nov-07 09:58:45.906014 ERROR [node_server] Failed to connect to any of seed peers, continuing without seeds
2022-Nov-07 09:58:56.590846 INFO [node_server] Stop signal sent
2022-Nov-07 09:58:56.591034 INFO [node_server] Stopping NodeServer and it's0 connections...
2022-Nov-07 09:59:01.591620 ERROR [node_server] Failed to connect to any of seed peers, continuing without seeds
2022-Nov-07 09:59:02.591861 INFO [node_server] NodeServer loop stopped
2022-Nov-07 09:59:02.592018 INFO [daemon] p2p net loop stopped
2022-Nov-07 09:59:02.592083 INFO [daemon] Stopping core rpc server...
2022-Nov-07 09:59:02.592307 INFO [daemon] Deinitializing core...
2022-Nov-07 09:59:02.592383 INFO [miner] Mining has been stopped, 0 finished
2022-Nov-07 09:59:02.592692 INFO [Blockchain] Saving blockchain...
2022-Nov-07 09:59:02.592825 INFO [BlockCacheSerializer] - saving block index...
2022-Nov-07 09:59:02.592900 INFO [BlockCacheSerializer] - saving transaction map...
2022-Nov-07 09:59:02.592966 INFO [BlockCacheSerializer] - saving spent keys...
2022-Nov-07 09:59:02.593029 INFO [BlockCacheSerializer] - saving outputs...
2022-Nov-07 09:59:02.593113 INFO [BlockCacheSerializer] - saving multi-signature outputs...
2022-Nov-07 09:59:02.593179 INFO [BlockCacheSerializer] Serialization time: 0ms
2022-Nov-07 09:59:02.593299 INFO [Blockchain] Saving blockchain indices...
2022-Nov-07 09:59:02.593424 INFO [BlockchainIndicesSerializer] - saving paymentID index...
2022-Nov-07 09:59:02.593496 INFO [BlockchainIndicesSerializer] - saving timestamp index...
2022-Nov-07 09:59:02.593560 INFO [BlockchainIndicesSerializer] - saving generated transactions index...
2022-Nov-07 09:59:02.593681 INFO [daemon] Deinitializing p2p...
2022-Nov-07 09:59:02.593937 INFO [miner] Mining has been stopped, 0 finished
2022-Nov-07 09:59:02.594092 INFO [daemon] Node stopped.
2022-Nov-07 09:59:39.834526 INFO [daemon] pitcoin v1.1.1.1(0.1-g672625cee3)
2022-Nov-07 09:59:39.834784 INFO [daemon] Module folder: ./pitcoind
2022-Nov-07 09:59:39.836781 INFO [daemon] Initializing p2p server...
2022-Nov-07 09:59:39.837125 INFO [node_server] Binding on 0.0.0.0:14794
2022-Nov-07 09:59:39.837254 INFO [node_server] Net service binded on 0.0.0.0:14794
2022-Nov-07 09:59:39.837329 INFO [node_server] Attempting to add IGD port mapping.
2022-Nov-07 09:59:41.289206 INFO [node_server] Added IGD port mapping.
2022-Nov-07 09:59:41.289375 INFO [daemon] P2p server initialized OK
2022-Nov-07 09:59:41.289534 INFO [daemon] Initializing core...
2022-Nov-07 09:59:41.289718 INFO [Blockchain] Loading blockchain...
2022-Nov-07 09:59:41.289977 INFO [BlockCacheSerializer] - loading block index...
2022-Nov-07 09:59:41.290054 INFO [BlockCacheSerializer] - loading transaction map...
2022-Nov-07 09:59:41.290169 INFO [BlockCacheSerializer] - loading spent keys...
2022-Nov-07 09:59:41.290277 INFO [BlockCacheSerializer] - loading outputs...
2022-Nov-07 09:59:41.290390 INFO [BlockCacheSerializer] - loading multi-signature outputs...
2022-Nov-07 09:59:41.290501 INFO [BlockCacheSerializer] Serialization time: 0ms
2022-Nov-07 09:59:41.290653 INFO [Blockchain] Loading blockchain indices for BlockchainExplorer...
2022-Nov-07 09:59:41.290810 INFO [BlockchainIndicesSerializer] - loading paymentID index...
2022-Nov-07 09:59:41.290928 INFO [BlockchainIndicesSerializer] - loading timestamp index...
2022-Nov-07 09:59:41.290999 INFO [BlockchainIndicesSerializer] - loading generated transactions index...
2022-Nov-07 09:59:41.291168 INFO [Blockchain] Blockchain initialized. last block: 0, d3778.h9.m59.s41 time ago, current difficulty: 1
2022-Nov-07 09:59:41.291261 INFO [daemon] Core initialized OK
2022-Nov-07 09:59:41.291561 INFO [daemon] Starting core rpc server on address 127.0.0.1:25143
2022-Nov-07 09:59:41.291749 INFO [daemon] Core rpc server started ok
2022-Nov-07 09:59:41.291830 INFO [daemon] Starting p2p net loop...
2022-Nov-07 09:59:41.291942 INFO [node_server] Starting node_server
2022-Nov-07 09:59:56.293064 ERROR [node_server] Failed to connect to any of seed peers, continuing without seeds
2022-Nov-07 09:59:56.293250 INFO [core] 
2022-Nov-07 09:59:56.293250 INFO [core] **********************************************************************
2022-Nov-07 09:59:56.293250 INFO [core] The daemon will start synchronizing with the network. It may take up to several hours.
2022-Nov-07 09:59:56.293250 INFO [core] 
2022-Nov-07 09:59:56.293250 INFO [core] You can set the level of process detailization* through "set_log <level>" command*, where <level> is between 0 (no details) and 4 (very verbose).
2022-Nov-07 09:59:56.293250 INFO [core] 
2022-Nov-07 09:59:56.293250 INFO [core] Use "help" command to see the list of available commands.
2022-Nov-07 09:59:56.293250 INFO [core] 
2022-Nov-07 09:59:56.293250 INFO [core] Note: in case you need to interrupt the process, use "exit" command. Otherwise, the current progress won't be saved.
2022-Nov-07 09:59:56.293250 INFO [core] **********************************************************************
2022-Nov-07 10:00:13.294855 ERROR [node_server] Failed to connect to any of seed peers, continuing without seeds
2022-Nov-07 10:08:45.909817 INFO [daemon] pitcoin v1.1.1.1(0.1-g672625cee3)
2022-Nov-07 10:08:45.920452 INFO [daemon] Module folder: ./pitcoind
2022-Nov-07 10:08:45.929871 INFO [daemon] Initializing p2p server...
2022-Nov-07 10:08:45.930080 INFO [node_server] Binding on 0.0.0.0:14794
2022-Nov-07 10:08:45.930159 INFO [node_server] Net service binded on 0.0.0.0:14794
2022-Nov-07 10:08:45.930205 INFO [node_server] Attempting to add IGD port mapping.
2022-Nov-07 10:08:47.343067 INFO [node_server] Added IGD port mapping.
2022-Nov-07 10:08:47.343237 INFO [daemon] P2p server initialized OK
2022-Nov-07 10:08:47.343309 INFO [daemon] Initializing core...
2022-Nov-07 10:08:47.343612 INFO [Blockchain] Blockchain not loaded, generating genesis block.
2022-Nov-07 10:08:47.394960 INFO [Blockchain] Blockchain initialized. last block: 0, d3778.h10.m8.s47 time ago, current difficulty: 1
2022-Nov-07 10:08:47.395056 INFO [daemon] Core initialized OK
2022-Nov-07 10:08:47.395210 INFO [daemon] Starting core rpc server on address 127.0.0.1:25143
2022-Nov-07 10:08:47.395305 INFO [daemon] Core rpc server started ok
2022-Nov-07 10:08:47.395351 INFO [daemon] Starting p2p net loop...
2022-Nov-07 10:08:47.395389 INFO [node_server] Starting node_server
2022-Nov-07 10:09:02.396948 ERROR [node_server] Failed to connect to any of seed peers, continuing without seeds
2022-Nov-07 10:09:02.397113 INFO [core] 
2022-Nov-07 10:09:02.397113 INFO [core] **********************************************************************
2022-Nov-07 10:09:02.397113 INFO [core] The daemon will start synchronizing with the network. It may take up to several hours.
2022-Nov-07 10:09:02.397113 INFO [core] 
2022-Nov-07 10:09:02.397113 INFO [core] You can set the level of process detailization* through "set_log <level>" command*, where <level> is between 0 (no details) and 4 (very verbose).
2022-Nov-07 10:09:02.397113 INFO [core] 
2022-Nov-07 10:09:02.397113 INFO [core] Use "help" command to see the list of available commands.
2022-Nov-07 10:09:02.397113 INFO [core] 
2022-Nov-07 10:09:02.397113 INFO [core] Note: in case you need to interrupt the process, use "exit" command. Otherwise, the current progress won't be saved.
2022-Nov-07 10:09:02.397113 INFO [core] **********************************************************************
2022-Nov-07 10:09:19.398744 ERROR [node_server] Failed to connect to any of seed peers, continuing without seeds
2022-Nov-07 10:09:36.399885 ERROR [node_server] Failed to connect to any of seed peers, continuing without seeds
2022-Nov-07 10:09:53.401377 ERROR [node_server] Failed to connect to any of seed peers, continuing without seeds
